<?xml version="1.0" encoding="UTF-8"?>
<testng-results ignored="0" total="1" passed="1" failed="0" skipped="0">
  <reporter-output>
  </reporter-output>
  <suite started-at="2025-06-21T18:12:06 IST" name="Suite" finished-at="2025-06-21T18:12:18 IST" duration-ms="11507">
    <groups>
    </groups>
    <test started-at="2025-06-21T18:12:06 IST" name="Login and Blog Tests" finished-at="2025-06-21T18:12:18 IST" duration-ms="11507">
      <class name="testcases.Testimonialstestcases">
        <test-method is-config="true" signature="setup()[pri:0, instance:testcases.Testimonialstestcases@1608bcbd]" started-at="2025-06-21T18:12:06 IST" name="setup" finished-at="2025-06-21T18:12:09 IST" duration-ms="2724" status="PASS">
          <reporter-output>
          </reporter-output>
        </test-method> <!-- setup -->
        <test-method signature="SetTestimonialsDetails(java.lang.String,java.lang.String,java.lang.String,java.lang.String,java.lang.String)[pri:1, instance:testcases.Testimonialstestcases@1608bcbd]" started-at="2025-06-21T18:12:10 IST" name="SetTestimonialsDetails" data-provider="LoginData" finished-at="2025-06-21T18:12:17 IST" duration-ms="7348" status="PASS">
          <params>
            <param index="0">
              <value>
                <![CDATA[admin@gmail.com]]>
              </value>
            </param>
            <param index="1">
              <value>
                <![CDATA[12345678]]>
              </value>
            </param>
            <param index="2">
              <value>
                <![CDATA[Rajeev]]>
              </value>
            </param>
            <param index="3">
              <value>
                <![CDATA[Design System Engineer]]>
              </value>
            </param>
            <param index="4">
              <value>
                <![CDATA[I had the opportunity to test out an early version of Plasmic and it’s awesome! Excited for the future of this design tool.]]>
              </value>
            </param>
          </params>
          <reporter-output>
          </reporter-output>
        </test-method> <!-- SetTestimonialsDetails -->
      </class> <!-- testcases.Testimonialstestcases -->
    </test> <!-- Login and Blog Tests -->
  </suite> <!-- Suite -->
</testng-results>
