<?xml version="1.0" encoding="UTF-8"?>
<!-- Generated by org.testng.reporters.JUnitReportReporter -->
<testsuite hostname="LAPTOP-N7L46JKC" failures="0" tests="5" name="testcases.AddproductTestCases" time="7.053" errors="0" timestamp="2025-06-21T16:27:05 IST" skipped="0">
  <testcase classname="testcases.AddproductTestCases" name="verify_login" time="0.393"/>
  <testcase classname="testcases.AddproductTestCases" name="ProcesstoAddProduct" time="2.511"/>
  <testcase classname="testcases.AddproductTestCases" name="setProductDetails" time="1.055"/>
  <testcase classname="testcases.AddproductTestCases" name="setContent" time="2.542"/>
  <testcase classname="testcases.AddproductTestCases" name="setQuantityAndPrice" time="0.552"/>
</testsuite> <!-- testcases.AddproductTestCases -->
